[debug] [2020-08-22T18:03:36.145Z] ----------------------------------------------------------------------
[debug] [2020-08-22T18:03:36.147Z] Command:       /usr/local/bin/node /usr/local/bin/firebase deploy
[debug] [2020-08-22T18:03:36.147Z] CLI Version:   8.9.0
[debug] [2020-08-22T18:03:36.147Z] Platform:      darwin
[debug] [2020-08-22T18:03:36.147Z] Node Version:  v13.12.0
[debug] [2020-08-22T18:03:36.148Z] Time:          Sun Aug 23 2020 02:03:36 GMT+0800 (Китай, стандартное время)
[debug] [2020-08-22T18:03:36.149Z] ----------------------------------------------------------------------
[debug] [2020-08-22T18:03:36.149Z] 
[debug] [2020-08-22T18:03:36.155Z] > command requires scopes: ["email","openid","https://www.googleapis.com/auth/cloudplatformprojects.readonly","https://www.googleapis.com/auth/firebase","https://www.googleapis.com/auth/cloud-platform"]
[debug] [2020-08-22T18:03:36.155Z] > authorizing via signed-in user
[debug] [2020-08-22T18:03:36.155Z] [iam] checking project weather-app-6ee18 for permissions ["firebase.projects.get","firebasehosting.sites.update"]
[debug] [2020-08-22T18:03:36.157Z] >>> HTTP REQUEST POST https://cloudresourcemanager.googleapis.com/v1/projects/weather-app-6ee18:testIamPermissions  
 {"permissions":["firebase.projects.get","firebasehosting.sites.update"]}
[debug] [2020-08-22T18:03:37.288Z] <<< HTTP RESPONSE 200 {"content-type":"application/json; charset=UTF-8","vary":"X-Origin, Referer, Origin,Accept-Encoding","date":"Sat, 22 Aug 2020 18:03:37 GMT","server":"ESF","cache-control":"private","x-xss-protection":"0","x-frame-options":"SAMEORIGIN","x-content-type-options":"nosniff","server-timing":"gfet4t7; dur=654","alt-svc":"h3-29=\":443\"; ma=2592000,h3-27=\":443\"; ma=2592000,h3-T050=\":443\"; ma=2592000,h3-Q050=\":443\"; ma=2592000,h3-Q046=\":443\"; ma=2592000,h3-Q043=\":443\"; ma=2592000,quic=\":443\"; ma=2592000; v=\"46,43\"","accept-ranges":"none","transfer-encoding":"chunked"}
[debug] [2020-08-22T18:03:37.291Z] >>> HTTP REQUEST GET https://firebase.googleapis.com/v1beta1/projects/weather-app-6ee18  
 
[debug] [2020-08-22T18:03:38.154Z] <<< HTTP RESPONSE 200 {"content-type":"application/json; charset=UTF-8","vary":"X-Origin, Referer, Origin,Accept-Encoding","date":"Sat, 22 Aug 2020 18:03:38 GMT","server":"ESF","cache-control":"private","x-xss-protection":"0","x-frame-options":"SAMEORIGIN","x-content-type-options":"nosniff","alt-svc":"h3-29=\":443\"; ma=2592000,h3-27=\":443\"; ma=2592000,h3-T050=\":443\"; ma=2592000,h3-Q050=\":443\"; ma=2592000,h3-Q046=\":443\"; ma=2592000,h3-Q043=\":443\"; ma=2592000,quic=\":443\"; ma=2592000; v=\"46,43\"","accept-ranges":"none","transfer-encoding":"chunked"}
[info] 
[info] === Deploying to 'weather-app-6ee18'...
[info] 
[info] i  deploying hosting 
[debug] [2020-08-22T18:03:38.160Z] >>> HTTP REQUEST POST https://firebasehosting.googleapis.com/v1beta1/sites/weather-app-6ee18/versions  
 {"config":{"rewrites":[{"glob":"**","path":"/index.html"}]},"labels":{"deployment-tool":"cli-firebase"}}
[debug] [2020-08-22T18:03:39.707Z] <<< HTTP RESPONSE 200 {"content-type":"application/json; charset=UTF-8","vary":"X-Origin, Referer, Origin,Accept-Encoding","date":"Sat, 22 Aug 2020 18:03:39 GMT","server":"ESF","cache-control":"private","x-xss-protection":"0","x-frame-options":"SAMEORIGIN","x-content-type-options":"nosniff","alt-svc":"h3-29=\":443\"; ma=2592000,h3-27=\":443\"; ma=2592000,h3-T050=\":443\"; ma=2592000,h3-Q050=\":443\"; ma=2592000,h3-Q046=\":443\"; ma=2592000,h3-Q043=\":443\"; ma=2592000,quic=\":443\"; ma=2592000; v=\"46,43\"","accept-ranges":"none","transfer-encoding":"chunked"}
[info] i  hosting[weather-app-6ee18]: beginning deploy... 
[info] i  hosting[weather-app-6ee18]: found 14 files in dist/wether-app 
[debug] [2020-08-22T18:03:39.728Z] [hosting] hash cache [ZGlzdC93ZXRoZXItYXBw] stored for 14 files
[debug] [2020-08-22T18:03:39.728Z] [hosting][hash queue][FINAL] {"max":4,"min":0,"avg":0,"active":0,"complete":14,"success":14,"errored":0,"retried":0,"total":14,"elapsed":7}
[debug] [2020-08-22T18:03:39.729Z] >>> HTTP REQUEST POST https://firebasehosting.googleapis.com/v1beta1/sites/weather-app-6ee18/versions/ffb11de2b738752c:populateFiles  
 <request body omitted>
[debug] [2020-08-22T18:03:40.920Z] <<< HTTP RESPONSE 200 {"content-type":"application/json; charset=UTF-8","vary":"X-Origin, Referer, Origin,Accept-Encoding","date":"Sat, 22 Aug 2020 18:03:40 GMT","server":"ESF","cache-control":"private","x-xss-protection":"0","x-frame-options":"SAMEORIGIN","x-content-type-options":"nosniff","alt-svc":"h3-29=\":443\"; ma=2592000,h3-27=\":443\"; ma=2592000,h3-T050=\":443\"; ma=2592000,h3-Q050=\":443\"; ma=2592000,h3-Q046=\":443\"; ma=2592000,h3-Q043=\":443\"; ma=2592000,quic=\":443\"; ma=2592000; v=\"46,43\"","accept-ranges":"none","transfer-encoding":"chunked"}
[debug] [2020-08-22T18:03:40.921Z] [hosting][populate queue][FINAL] {"max":1194,"min":1194,"avg":1194,"active":0,"complete":1,"success":1,"errored":0,"retried":0,"total":1,"elapsed":1194}
[debug] [2020-08-22T18:03:40.921Z] [hosting] uploads queued: 0
[debug] [2020-08-22T18:03:40.921Z] [hosting][upload queue][FINAL] {"max":0,"min":9999999999,"avg":0,"active":0,"complete":0,"success":0,"errored":0,"retried":0,"total":0,"elapsed":1598119420921}
[info] ✔  hosting[weather-app-6ee18]: file upload complete 
[debug] [2020-08-22T18:03:40.922Z] [hosting] deploy completed after 1214ms
[debug] [2020-08-22T18:03:41.391Z] [
  {
    "config": {
      "public": "dist/wether-app",
      "ignore": [
        "firebase.json",
        "**/.*",
        "**/node_modules/**"
      ],
      "rewrites": [
        {
          "source": "**",
          "destination": "/index.html"
        }
      ],
      "site": "weather-app-6ee18"
    },
    "site": "weather-app-6ee18",
    "version": "sites/weather-app-6ee18/versions/ffb11de2b738752c"
  }
]
[info] i  hosting[weather-app-6ee18]: finalizing version... 
[debug] [2020-08-22T18:03:41.392Z] >>> HTTP REQUEST PATCH https://firebasehosting.googleapis.com/v1beta1/sites/weather-app-6ee18/versions/ffb11de2b738752c?updateMask=status  
 {"status":"FINALIZED"}
[debug] [2020-08-22T18:03:42.519Z] <<< HTTP RESPONSE 200 {"content-type":"application/json; charset=UTF-8","vary":"X-Origin, Referer, Origin,Accept-Encoding","date":"Sat, 22 Aug 2020 18:03:42 GMT","server":"ESF","cache-control":"private","x-xss-protection":"0","x-frame-options":"SAMEORIGIN","x-content-type-options":"nosniff","alt-svc":"h3-29=\":443\"; ma=2592000,h3-27=\":443\"; ma=2592000,h3-T050=\":443\"; ma=2592000,h3-Q050=\":443\"; ma=2592000,h3-Q046=\":443\"; ma=2592000,h3-Q043=\":443\"; ma=2592000,quic=\":443\"; ma=2592000; v=\"46,43\"","accept-ranges":"none","transfer-encoding":"chunked"}
[debug] [2020-08-22T18:03:42.520Z] [hosting] finalized version for weather-app-6ee18: {"name":"sites/weather-app-6ee18/versions/ffb11de2b738752c","status":"FINALIZED","config":{"rewrites":[{"glob":"**","path":"/index.html"}]},"labels":{"deployment-tool":"cli-firebase"},"createTime":"2020-08-22T18:03:39.297998Z","createUser":{"email":"GubarevAndrey1991@gmail.com"},"finalizeTime":"2020-08-22T18:03:42.433527Z","finalizeUser":{"email":"GubarevAndrey1991@gmail.com"}}
[info] ✔  hosting[weather-app-6ee18]: version finalized 
[info] i  hosting[weather-app-6ee18]: releasing new version... 
[debug] [2020-08-22T18:03:42.521Z] >>> HTTP REQUEST POST https://firebasehosting.googleapis.com/v1beta1/sites/weather-app-6ee18/releases?version_name=sites/weather-app-6ee18/versions/ffb11de2b738752c  
 {"message":null}
